11:40:38.965 [TestNG-tests-1] INFO  testCases.TC001_AccountRegistrationTest.verify_account_registration(TC001_AccountRegistrationTest.java:27)oggger - Clicked on my account Link
11:40:39.071 [TestNG-tests-2] INFO  testCases.TC001_AccountRegistrationTest.verify_account_registration(TC001_AccountRegistrationTest.java:27)oggger - Clicked on my account Link
11:45:12.688 [main] INFO  org.testng.log4testng.Logger.info(Logger.java:112)oggger - [TestNG] Running:
  D:\Users\M AMMU\eclipse-workspace2\OpensourceV21\cross-browsertesting.xml

11:45:16.553 [TestNG-tests-1] INFO  testCases.TC001_AccountRegistrationTest.verify_account_registration(TC001_AccountRegistrationTest.java:21)oggger - ****** Starting TC001_AccountRegistrationTest *****
11:45:16.722 [TestNG-tests-1] INFO  testCases.TC001_AccountRegistrationTest.verify_account_registration(TC001_AccountRegistrationTest.java:27)oggger - Clicked on my account Link
11:45:17.638 [TestNG-tests-1] INFO  testCases.TC001_AccountRegistrationTest.verify_account_registration(TC001_AccountRegistrationTest.java:29)oggger - Clicked on my Register Link
11:45:17.664 [TestNG-tests-1] INFO  testCases.TC001_AccountRegistrationTest.verify_account_registration(TC001_AccountRegistrationTest.java:31)oggger - Providing customer details ....
11:45:18.389 [TestNG-tests-1] INFO  testCases.TC001_AccountRegistrationTest.verify_account_registration(TC001_AccountRegistrationTest.java:39)oggger - Validating expected message
11:45:23.435 [TestNG-tests-1] INFO  testCases.TC001_AccountRegistrationTest.verify_account_registration(TC001_AccountRegistrationTest.java:55)oggger - ****** Finished TC001_AccountRegistrationTest *****
11:48:39.314 [main] INFO  org.testng.log4testng.Logger.info(Logger.java:112)oggger - [TestNG] Running:
  D:\Users\M AMMU\eclipse-workspace2\OpensourceV21\cross-browsertesting.xml

11:48:39.572 [TestNG-tests-1] INFO  testCases.TC001_AccountRegistrationTest.verify_account_registration(TC001_AccountRegistrationTest.java:21)oggger - ****** Starting TC001_AccountRegistrationTest *****
11:50:04.302 [main] INFO  org.testng.log4testng.Logger.info(Logger.java:112)oggger - [TestNG] Running:
  D:\Users\M AMMU\eclipse-workspace2\OpensourceV21\cross-browsertesting.xml

11:50:08.410 [TestNG-tests-1] INFO  testCases.TC001_AccountRegistrationTest.verify_account_registration(TC001_AccountRegistrationTest.java:21)oggger - ****** Starting TC001_AccountRegistrationTest *****
11:50:08.540 [TestNG-tests-1] INFO  testCases.TC001_AccountRegistrationTest.verify_account_registration(TC001_AccountRegistrationTest.java:27)oggger - Clicked on my account Link
11:50:09.097 [TestNG-tests-1] INFO  testCases.TC001_AccountRegistrationTest.verify_account_registration(TC001_AccountRegistrationTest.java:29)oggger - Clicked on my Register Link
11:50:09.124 [TestNG-tests-1] INFO  testCases.TC001_AccountRegistrationTest.verify_account_registration(TC001_AccountRegistrationTest.java:31)oggger - Providing customer details ....
11:50:10.179 [TestNG-tests-1] INFO  testCases.TC001_AccountRegistrationTest.verify_account_registration(TC001_AccountRegistrationTest.java:39)oggger - Validating expected message
11:50:15.271 [TestNG-tests-1] INFO  testCases.TC001_AccountRegistrationTest.verify_account_registration(TC001_AccountRegistrationTest.java:55)oggger - ****** Finished TC001_AccountRegistrationTest *****
11:51:16.507 [main] INFO  org.testng.log4testng.Logger.info(Logger.java:112)oggger - [TestNG] Running:
  D:\Users\M AMMU\eclipse-workspace2\OpensourceV21\cross-browsertesting.xml

11:51:20.933 [TestNG-tests-2] INFO  testCases.TC001_AccountRegistrationTest.verify_account_registration(TC001_AccountRegistrationTest.java:21)oggger - ****** Starting TC001_AccountRegistrationTest *****
11:51:21.480 [TestNG-tests-1] INFO  testCases.TC001_AccountRegistrationTest.verify_account_registration(TC001_AccountRegistrationTest.java:21)oggger - ****** Starting TC001_AccountRegistrationTest *****
11:51:21.689 [TestNG-tests-2] INFO  testCases.TC001_AccountRegistrationTest.verify_account_registration(TC001_AccountRegistrationTest.java:27)oggger - Clicked on my account Link
11:51:21.869 [TestNG-tests-1] INFO  testCases.TC001_AccountRegistrationTest.verify_account_registration(TC001_AccountRegistrationTest.java:27)oggger - Clicked on my account Link
21:13:50.425 [main] INFO  org.testng.log4testng.Logger.info(Logger.java:112)oggger - [TestNG] Running:
  D:\Users\M AMMU\eclipse-workspace2\OpensourceV21\grid-docker.xml

21:13:50.758 [main] INFO  testCases.TC001_AccountRegistrationTest.verify_account_registration(TC001_AccountRegistrationTest.java:21)oggger - ****** Starting TC001_AccountRegistrationTest *****
21:14:44.061 [main] INFO  org.testng.log4testng.Logger.info(Logger.java:112)oggger - [TestNG] Running:
  D:\Users\M AMMU\eclipse-workspace2\OpensourceV21\grid-docker.xml

21:14:44.303 [main] INFO  testCases.TC001_AccountRegistrationTest.verify_account_registration(TC001_AccountRegistrationTest.java:21)oggger - ****** Starting TC001_AccountRegistrationTest *****
