22:06:25.380 [main] INFO  testCases.TC003_LoginDDT.verify_loginDDT(TC003_LoginDDT.java:52)oggger - ******** PageExists********
22:06:26.585 [main] INFO  testCases.TC003_LoginDDT.verify_loginDDT(TC003_LoginDDT.java:29)oggger - ******** Starting TC_003_LoginDDT********
22:06:26.585 [main] INFO  testCases.TC003_LoginDDT.verify_loginDDT(TC003_LoginDDT.java:32)oggger - ******** Home page********
22:06:27.723 [main] INFO  testCases.TC003_LoginDDT.verify_loginDDT(TC003_LoginDDT.java:29)oggger - ******** Starting TC_003_LoginDDT********
22:06:27.723 [main] INFO  testCases.TC003_LoginDDT.verify_loginDDT(TC003_LoginDDT.java:32)oggger - ******** Home page********
22:07:49.058 [main] INFO  org.testng.log4testng.Logger.info(Logger.java:112)oggger - [TestNG] Running:
  D:\Users\M AMMU\eclipse-workspace2\OpensourceV21\master.xml

22:07:52.190 [main] INFO  testCases.TC003_LoginDDT.verify_loginDDT(TC003_LoginDDT.java:29)oggger - ******** Starting TC_003_LoginDDT********
22:07:52.190 [main] INFO  testCases.TC003_LoginDDT.verify_loginDDT(TC003_LoginDDT.java:32)oggger - ******** Home page********
22:07:52.734 [main] INFO  testCases.TC003_LoginDDT.verify_loginDDT(TC003_LoginDDT.java:36)oggger - ******** Loginpage********
22:07:52.962 [main] INFO  testCases.TC003_LoginDDT.verify_loginDDT(TC003_LoginDDT.java:41)oggger - ******** AccountPage********
22:07:53.601 [main] INFO  testCases.TC003_LoginDDT.verify_loginDDT(TC003_LoginDDT.java:52)oggger - ******** PageExists********
22:07:54.774 [main] INFO  testCases.TC003_LoginDDT.verify_loginDDT(TC003_LoginDDT.java:29)oggger - ******** Starting TC_003_LoginDDT********
22:07:54.774 [main] INFO  testCases.TC003_LoginDDT.verify_loginDDT(TC003_LoginDDT.java:32)oggger - ******** Home page********
22:07:55.924 [main] INFO  testCases.TC003_LoginDDT.verify_loginDDT(TC003_LoginDDT.java:29)oggger - ******** Starting TC_003_LoginDDT********
22:07:55.924 [main] INFO  testCases.TC003_LoginDDT.verify_loginDDT(TC003_LoginDDT.java:32)oggger - ******** Home page********
22:09:59.577 [main] INFO  org.testng.log4testng.Logger.info(Logger.java:112)oggger - [TestNG] Running:
  D:\Users\M AMMU\eclipse-workspace2\OpensourceV21\master.xml

22:10:02.805 [main] INFO  testCases.TC003_LoginDDT.verify_loginDDT(TC003_LoginDDT.java:29)oggger - ******** Starting TC_003_LoginDDT********
22:10:02.808 [main] INFO  testCases.TC003_LoginDDT.verify_loginDDT(TC003_LoginDDT.java:32)oggger - ******** Home page********
22:10:03.366 [main] INFO  testCases.TC003_LoginDDT.verify_loginDDT(TC003_LoginDDT.java:36)oggger - ******** Loginpage********
22:10:03.608 [main] INFO  testCases.TC003_LoginDDT.verify_loginDDT(TC003_LoginDDT.java:41)oggger - ******** AccountPage********
22:10:04.225 [main] INFO  testCases.TC003_LoginDDT.verify_loginDDT(TC003_LoginDDT.java:52)oggger - ******** PageExists********
22:10:05.433 [main] INFO  testCases.TC003_LoginDDT.verify_loginDDT(TC003_LoginDDT.java:29)oggger - ******** Starting TC_003_LoginDDT********
22:10:05.433 [main] INFO  testCases.TC003_LoginDDT.verify_loginDDT(TC003_LoginDDT.java:32)oggger - ******** Home page********
22:10:06.583 [main] INFO  testCases.TC003_LoginDDT.verify_loginDDT(TC003_LoginDDT.java:29)oggger - ******** Starting TC_003_LoginDDT********
22:10:06.584 [main] INFO  testCases.TC003_LoginDDT.verify_loginDDT(TC003_LoginDDT.java:32)oggger - ******** Home page********
23:01:49.450 [main] INFO  org.testng.log4testng.Logger.info(Logger.java:112)oggger - [TestNG] Running:
  D:\Users\M AMMU\eclipse-workspace2\OpensourceV21\master.xml

23:01:52.677 [main] INFO  testCases.TC003_LoginDDT.verify_loginDDT(TC003_LoginDDT.java:29)oggger - ******** Starting TC_003_LoginDDT********
23:01:52.677 [main] INFO  testCases.TC003_LoginDDT.verify_loginDDT(TC003_LoginDDT.java:32)oggger - ******** Home page********
23:01:53.210 [main] INFO  testCases.TC003_LoginDDT.verify_loginDDT(TC003_LoginDDT.java:36)oggger - ******** Loginpage********
23:01:53.456 [main] INFO  testCases.TC003_LoginDDT.verify_loginDDT(TC003_LoginDDT.java:41)oggger - ******** AccountPage********
23:01:54.175 [main] INFO  testCases.TC003_LoginDDT.verify_loginDDT(TC003_LoginDDT.java:52)oggger - ******** PageExists********
23:01:55.343 [main] INFO  testCases.TC003_LoginDDT.verify_loginDDT(TC003_LoginDDT.java:29)oggger - ******** Starting TC_003_LoginDDT********
23:01:55.343 [main] INFO  testCases.TC003_LoginDDT.verify_loginDDT(TC003_LoginDDT.java:32)oggger - ******** Home page********
23:01:56.483 [main] INFO  testCases.TC003_LoginDDT.verify_loginDDT(TC003_LoginDDT.java:29)oggger - ******** Starting TC_003_LoginDDT********
23:01:56.483 [main] INFO  testCases.TC003_LoginDDT.verify_loginDDT(TC003_LoginDDT.java:32)oggger - ******** Home page********
23:04:32.779 [main] INFO  org.testng.log4testng.Logger.info(Logger.java:112)oggger - [TestNG] Running:
  D:\Users\M AMMU\eclipse-workspace2\OpensourceV21\master.xml

23:04:35.972 [main] INFO  testCases.TC003_LoginDDT.verify_loginDDT(TC003_LoginDDT.java:29)oggger - ******** Starting TC_003_LoginDDT********
