16:49:42.550 [main] INFO  testCases.TC003_LoginDDT.verify_loginDDT(TC003_LoginDDT.java:32)oggger - ******** Starting TC_003_LoginDDT********
16:49:42.561 [main] INFO  testCases.TC003_LoginDDT.verify_loginDDT(TC003_LoginDDT.java:35)oggger - ******** Home page********
16:49:43.177 [main] INFO  testCases.TC003_LoginDDT.verify_loginDDT(TC003_LoginDDT.java:39)oggger - ******** Loginpage********
16:49:43.372 [main] INFO  testCases.TC003_LoginDDT.verify_loginDDT(TC003_LoginDDT.java:44)oggger - ******** AccountPage********
16:49:43.943 [main] INFO  testCases.TC003_LoginDDT.verify_loginDDT(TC003_LoginDDT.java:55)oggger - ******** PageExists********
16:49:45.211 [main] INFO  testCases.TC003_LoginDDT.verify_loginDDT(TC003_LoginDDT.java:32)oggger - ******** Starting TC_003_LoginDDT********
16:49:45.212 [main] INFO  testCases.TC003_LoginDDT.verify_loginDDT(TC003_LoginDDT.java:35)oggger - ******** Home page********
16:49:46.525 [main] INFO  testCases.TC003_LoginDDT.verify_loginDDT(TC003_LoginDDT.java:32)oggger - ******** Starting TC_003_LoginDDT********
16:49:46.526 [main] INFO  testCases.TC003_LoginDDT.verify_loginDDT(TC003_LoginDDT.java:35)oggger - ******** Home page********
16:54:15.535 [main] INFO  org.testng.log4testng.Logger.info(Logger.java:112)oggger - [TestNG] Running:
  D:\Users\M AMMU\eclipse-workspace2\OpensourceV21\groups.xml

16:54:17.736 [main] INFO  testCases.TC001_AccountRegistrationTest.verify_account_registration(TC001_AccountRegistrationTest.java:21)oggger - ****** Starting TC001_AccountRegistrationTest *****
16:54:17.882 [main] INFO  testCases.TC001_AccountRegistrationTest.verify_account_registration(TC001_AccountRegistrationTest.java:27)oggger - Clicked on my account Link
16:54:18.390 [main] INFO  testCases.TC001_AccountRegistrationTest.verify_account_registration(TC001_AccountRegistrationTest.java:29)oggger - Clicked on my Register Link
16:54:18.398 [main] INFO  testCases.TC001_AccountRegistrationTest.verify_account_registration(TC001_AccountRegistrationTest.java:31)oggger - Providing customer details ....
16:54:19.052 [main] INFO  testCases.TC001_AccountRegistrationTest.verify_account_registration(TC001_AccountRegistrationTest.java:39)oggger - Validating expected message
16:54:24.142 [main] INFO  testCases.TC001_AccountRegistrationTest.verify_account_registration(TC001_AccountRegistrationTest.java:55)oggger - ****** Finished TC001_AccountRegistrationTest *****
16:54:25.735 [main] INFO  testCases.TC002_LoginTest.verify_login(TC002_LoginTest.java:18)oggger - ************** Starting TC_002_LoginTest******
16:54:27.093 [main] INFO  testCases.TC002_LoginTest.verify_login(TC002_LoginTest.java:38)oggger - ************** Finished TC_002_LoginTest******
16:54:29.568 [main] INFO  testCases.TC003_LoginDDT.verify_loginDDT(TC003_LoginDDT.java:32)oggger - ******** Starting TC_003_LoginDDT********
16:54:29.568 [main] INFO  testCases.TC003_LoginDDT.verify_loginDDT(TC003_LoginDDT.java:35)oggger - ******** Home page********
16:54:30.138 [main] INFO  testCases.TC003_LoginDDT.verify_loginDDT(TC003_LoginDDT.java:39)oggger - ******** Loginpage********
16:54:30.361 [main] INFO  testCases.TC003_LoginDDT.verify_loginDDT(TC003_LoginDDT.java:44)oggger - ******** AccountPage********
16:54:30.975 [main] INFO  testCases.TC003_LoginDDT.verify_loginDDT(TC003_LoginDDT.java:55)oggger - ******** PageExists********
16:54:32.255 [main] INFO  testCases.TC003_LoginDDT.verify_loginDDT(TC003_LoginDDT.java:32)oggger - ******** Starting TC_003_LoginDDT********
16:54:32.255 [main] INFO  testCases.TC003_LoginDDT.verify_loginDDT(TC003_LoginDDT.java:35)oggger - ******** Home page********
16:54:33.473 [main] INFO  testCases.TC003_LoginDDT.verify_loginDDT(TC003_LoginDDT.java:32)oggger - ******** Starting TC_003_LoginDDT********
16:54:33.474 [main] INFO  testCases.TC003_LoginDDT.verify_loginDDT(TC003_LoginDDT.java:35)oggger - ******** Home page********
08:28:11.360 [main] INFO  org.testng.log4testng.Logger.info(Logger.java:112)oggger - [TestNG] Running:
  D:\Users\M AMMU\eclipse-workspace2\OpensourceV21\master.xml

08:28:27.121 [main] INFO  testCases.TC002_LoginTest.verify_login(TC002_LoginTest.java:18)oggger - ************** Starting TC_002_LoginTest******
08:29:27.045 [main] INFO  org.testng.log4testng.Logger.info(Logger.java:112)oggger - [TestNG] Running:
  D:\Users\M AMMU\eclipse-workspace2\OpensourceV21\master.xml

08:29:37.331 [main] INFO  testCases.TC001_AccountRegistrationTest.verify_account_registration(TC001_AccountRegistrationTest.java:21)oggger - ****** Starting TC001_AccountRegistrationTest *****
08:29:37.527 [main] INFO  testCases.TC001_AccountRegistrationTest.verify_account_registration(TC001_AccountRegistrationTest.java:27)oggger - Clicked on my account Link
08:29:38.459 [main] INFO  testCases.TC001_AccountRegistrationTest.verify_account_registration(TC001_AccountRegistrationTest.java:29)oggger - Clicked on my Register Link
08:29:38.465 [main] INFO  testCases.TC001_AccountRegistrationTest.verify_account_registration(TC001_AccountRegistrationTest.java:31)oggger - Providing customer details ....
