09:59:54.707 [main] INFO  org.testng.log4testng.Logger.info(Logger.java:112)oggger - [TestNG] Running:
  D:\Users\M AMMU\eclipse-workspace2\OpensourceV21\master.xml

09:59:58.334 [main] INFO  testCases.TC003_LoginDDT.verify_loginDDT(TC003_LoginDDT.java:29)oggger - ******** Starting TC_003_LoginDDT********
09:59:58.336 [main] INFO  testCases.TC003_LoginDDT.verify_loginDDT(TC003_LoginDDT.java:32)oggger - ******** Home page********
09:59:59.010 [main] INFO  testCases.TC003_LoginDDT.verify_loginDDT(TC003_LoginDDT.java:36)oggger - ******** Loginpage********
09:59:59.346 [main] INFO  testCases.TC003_LoginDDT.verify_loginDDT(TC003_LoginDDT.java:41)oggger - ******** AccountPage********
10:00:00.101 [main] INFO  testCases.TC003_LoginDDT.verify_loginDDT(TC003_LoginDDT.java:52)oggger - ******** PageExists********
10:00:01.305 [main] INFO  testCases.TC003_LoginDDT.verify_loginDDT(TC003_LoginDDT.java:29)oggger - ******** Starting TC_003_LoginDDT********
10:00:01.307 [main] INFO  testCases.TC003_LoginDDT.verify_loginDDT(TC003_LoginDDT.java:32)oggger - ******** Home page********
10:00:02.445 [main] INFO  testCases.TC003_LoginDDT.verify_loginDDT(TC003_LoginDDT.java:29)oggger - ******** Starting TC_003_LoginDDT********
10:00:02.445 [main] INFO  testCases.TC003_LoginDDT.verify_loginDDT(TC003_LoginDDT.java:32)oggger - ******** Home page********
10:03:45.850 [main] INFO  org.testng.log4testng.Logger.info(Logger.java:112)oggger - [TestNG] Running:
  D:\Users\M AMMU\eclipse-workspace2\OpensourceV21\master.xml

10:03:48.031 [main] INFO  testCases.TC002_LoginTest.verify_login(TC002_LoginTest.java:16)oggger - ************** Starting TC_002_LoginTest******
10:03:49.792 [main] INFO  testCases.TC002_LoginTest.verify_login(TC002_LoginTest.java:36)oggger - ************** Finished TC_002_LoginTest******
10:19:08.471 [main] INFO  org.testng.log4testng.Logger.info(Logger.java:112)oggger - [TestNG] Running:
  D:\Users\M AMMU\eclipse-workspace2\OpensourceV21\groups.xml

10:19:26.338 [main] INFO  org.testng.log4testng.Logger.info(Logger.java:112)oggger - [TestNG] Running:
  D:\Users\M AMMU\eclipse-workspace2\OpensourceV21\groups.xml

10:20:17.480 [main] INFO  org.testng.log4testng.Logger.info(Logger.java:112)oggger - [TestNG] Running:
  D:\Users\M AMMU\eclipse-workspace2\OpensourceV21\groups.xml

10:20:21.316 [main] INFO  testCases.TC001_AccountRegistrationTest.verify_account_registration(TC001_AccountRegistrationTest.java:19)oggger - ****** Starting TC001_AccountRegistrationTest *****
10:20:21.451 [main] INFO  testCases.TC001_AccountRegistrationTest.verify_account_registration(TC001_AccountRegistrationTest.java:25)oggger - Clicked on my account Link
10:20:22.360 [main] INFO  testCases.TC001_AccountRegistrationTest.verify_account_registration(TC001_AccountRegistrationTest.java:27)oggger - Clicked on my Register Link
10:20:22.365 [main] INFO  testCases.TC001_AccountRegistrationTest.verify_account_registration(TC001_AccountRegistrationTest.java:29)oggger - Providing customer details ....
10:20:23.401 [main] INFO  testCases.TC001_AccountRegistrationTest.verify_account_registration(TC001_AccountRegistrationTest.java:37)oggger - Validating expected message
10:20:28.458 [main] INFO  testCases.TC001_AccountRegistrationTest.verify_account_registration(TC001_AccountRegistrationTest.java:53)oggger - ****** Finished TC001_AccountRegistrationTest *****
10:20:30.250 [main] INFO  testCases.TC002_LoginTest.verify_login(TC002_LoginTest.java:16)oggger - ************** Starting TC_002_LoginTest******
10:20:31.965 [main] INFO  testCases.TC002_LoginTest.verify_login(TC002_LoginTest.java:36)oggger - ************** Finished TC_002_LoginTest******
14:55:39.751 [main] INFO  org.testng.log4testng.Logger.info(Logger.java:112)oggger - [TestNG] Running:
  D:\Users\M AMMU\eclipse-workspace2\OpensourceV21\groups.xml

14:55:47.672 [main] INFO  testCases.TC001_AccountRegistrationTest.verify_account_registration(TC001_AccountRegistrationTest.java:19)oggger - ****** Starting TC001_AccountRegistrationTest *****
14:55:47.779 [main] INFO  testCases.TC001_AccountRegistrationTest.verify_account_registration(TC001_AccountRegistrationTest.java:25)oggger - Clicked on my account Link
14:55:48.360 [main] INFO  testCases.TC001_AccountRegistrationTest.verify_account_registration(TC001_AccountRegistrationTest.java:27)oggger - Clicked on my Register Link
14:55:48.370 [main] INFO  testCases.TC001_AccountRegistrationTest.verify_account_registration(TC001_AccountRegistrationTest.java:29)oggger - Providing customer details ....
14:55:49.129 [main] INFO  testCases.TC001_AccountRegistrationTest.verify_account_registration(TC001_AccountRegistrationTest.java:37)oggger - Validating expected message
14:55:54.203 [main] INFO  testCases.TC001_AccountRegistrationTest.verify_account_registration(TC001_AccountRegistrationTest.java:53)oggger - ****** Finished TC001_AccountRegistrationTest *****
14:55:56.147 [main] INFO  testCases.TC002_LoginTest.verify_login(TC002_LoginTest.java:16)oggger - ************** Starting TC_002_LoginTest******
